CRITICAL - 2022-12-11 15:53:01 --> Undefined array key "tahun"
in APPPATH\Controllers\Pages.php on line 17.
 1 APPPATH\Controllers\Pages.php(17): CodeIgniter\Debug\Exceptions->errorHandler(2, 'Undefined array key "tahun"', 'APPPATH\\Controllers\\Pages.php', 17)
 2 SYSTEMPATH\CodeIgniter.php(927): App\Controllers\Pages->index()
 3 SYSTEMPATH\CodeIgniter.php(482): CodeIgniter\CodeIgniter->runController(Object(App\Controllers\Pages))
 4 SYSTEMPATH\CodeIgniter.php(351): CodeIgniter\CodeIgniter->handleRequest(null, Object(Config\Cache), false)
 5 FCPATH\index.php(67): CodeIgniter\CodeIgniter->run()
 6 SYSTEMPATH\Commands\Server\rewrite.php(46): require_once('FCPATH\\index.php')
ERROR - 2022-12-11 19:30:50 --> mysqli_sql_exception: Table 'pajak.pajak' doesn't exist in E:\xampp\htdocs\app pajak\pajak\system\Database\MySQLi\Connection.php:292
Stack trace:
#0 E:\xampp\htdocs\app pajak\pajak\system\Database\MySQLi\Connection.php(292): mysqli->query('SELECT *\nFROM `...', 0)
#1 E:\xampp\htdocs\app pajak\pajak\system\Database\BaseConnection.php(666): CodeIgniter\Database\MySQLi\Connection->execute('SELECT *\nFROM `...')
#2 E:\xampp\htdocs\app pajak\pajak\system\Database\BaseConnection.php(593): CodeIgniter\Database\BaseConnection->simpleQuery('SELECT *\nFROM `...')
#3 E:\xampp\htdocs\app pajak\pajak\system\Database\BaseBuilder.php(1585): CodeIgniter\Database\BaseConnection->query('SELECT *\nFROM `...', Array, false)
#4 E:\xampp\htdocs\app pajak\pajak\app\Models\PagesModel.php(20): CodeIgniter\Database\BaseBuilder->get()
#5 E:\xampp\htdocs\app pajak\pajak\app\Controllers\Pages.php(27): App\Models\PagesModel->get_join()
#6 E:\xampp\htdocs\app pajak\pajak\system\CodeIgniter.php(927): App\Controllers\Pages->create()
#7 E:\xampp\htdocs\app pajak\pajak\system\CodeIgniter.php(482): CodeIgniter\CodeIgniter->runController(Object(App\Controllers\Pages))
#8 E:\xampp\htdocs\app pajak\pajak\system\CodeIgniter.php(351): CodeIgniter\CodeIgniter->handleRequest(NULL, Object(Config\Cache), false)
#9 E:\xampp\htdocs\app pajak\pajak\public\index.php(67): CodeIgniter\CodeIgniter->run()
#10 E:\xampp\htdocs\app pajak\pajak\system\Commands\Server\rewrite.php(46): require_once('E:\\xampp\\htdocs...')
#11 {main}
CRITICAL - 2022-12-11 19:30:50 --> Table 'pajak.pajak' doesn't exist
in SYSTEMPATH\Database\MySQLi\Connection.php on line 292.
 1 SYSTEMPATH\Database\MySQLi\Connection.php(292): mysqli->query('SELECT *
FROM `stnk`
JOIN `pemilik` ON `pemilik`.`no_reg` = `stnk`.`no_reg`
JOIN `pajak` ON `pajak`.`tahun` = `stnk`.`th_pembuatan`', 0)
 2 SYSTEMPATH\Database\BaseConnection.php(666): CodeIgniter\Database\MySQLi\Connection->execute('SELECT *
FROM `stnk`
JOIN `pemilik` ON `pemilik`.`no_reg` = `stnk`.`no_reg`
JOIN `pajak` ON `pajak`.`tahun` = `stnk`.`th_pembuatan`')
 3 SYSTEMPATH\Database\BaseConnection.php(593): CodeIgniter\Database\BaseConnection->simpleQuery('SELECT *
FROM `stnk`
JOIN `pemilik` ON `pemilik`.`no_reg` = `stnk`.`no_reg`
JOIN `pajak` ON `pajak`.`tahun` = `stnk`.`th_pembuatan`')
 4 SYSTEMPATH\Database\BaseBuilder.php(1585): CodeIgniter\Database\BaseConnection->query('SELECT *
FROM `stnk`
JOIN `pemilik` ON `pemilik`.`no_reg` = `stnk`.`no_reg`
JOIN `pajak` ON `pajak`.`tahun` = `stnk`.`th_pembuatan`', [], false)
 5 APPPATH\Models\PagesModel.php(20): CodeIgniter\Database\BaseBuilder->get()
 6 APPPATH\Controllers\Pages.php(27): App\Models\PagesModel->get_join()
 7 SYSTEMPATH\CodeIgniter.php(927): App\Controllers\Pages->create()
 8 SYSTEMPATH\CodeIgniter.php(482): CodeIgniter\CodeIgniter->runController(Object(App\Controllers\Pages))
 9 SYSTEMPATH\CodeIgniter.php(351): CodeIgniter\CodeIgniter->handleRequest(null, Object(Config\Cache), false)
10 FCPATH\index.php(67): CodeIgniter\CodeIgniter->run()
11 SYSTEMPATH\Commands\Server\rewrite.php(46): require_once('FCPATH\\index.php')
CRITICAL - 2022-12-11 19:31:01 --> Too few arguments to function CodeIgniter\Database\BaseBuilder::join(), 0 passed in E:\xampp\htdocs\app pajak\pajak\system\Model.php on line 772 and at least 2 expected
in SYSTEMPATH\Database\BaseBuilder.php on line 593.
 1 SYSTEMPATH\Model.php(772): CodeIgniter\Database\BaseBuilder->join()
 2 APPPATH\Controllers\Detail.php(18): CodeIgniter\Model->__call('join', [])
 3 SYSTEMPATH\CodeIgniter.php(927): App\Controllers\Detail->index()
 4 SYSTEMPATH\CodeIgniter.php(482): CodeIgniter\CodeIgniter->runController(Object(App\Controllers\Detail))
 5 SYSTEMPATH\CodeIgniter.php(351): CodeIgniter\CodeIgniter->handleRequest(null, Object(Config\Cache), false)
 6 FCPATH\index.php(67): CodeIgniter\CodeIgniter->run()
 7 SYSTEMPATH\Commands\Server\rewrite.php(46): require_once('FCPATH\\index.php')
CRITICAL - 2022-12-11 19:31:10 --> Too few arguments to function CodeIgniter\Database\BaseBuilder::join(), 0 passed in E:\xampp\htdocs\app pajak\pajak\system\Model.php on line 772 and at least 2 expected
in SYSTEMPATH\Database\BaseBuilder.php on line 593.
 1 SYSTEMPATH\Model.php(772): CodeIgniter\Database\BaseBuilder->join()
 2 APPPATH\Controllers\Detail.php(18): CodeIgniter\Model->__call('join', [])
 3 SYSTEMPATH\CodeIgniter.php(927): App\Controllers\Detail->index('ad1111cp')
 4 SYSTEMPATH\CodeIgniter.php(482): CodeIgniter\CodeIgniter->runController(Object(App\Controllers\Detail))
 5 SYSTEMPATH\CodeIgniter.php(351): CodeIgniter\CodeIgniter->handleRequest(null, Object(Config\Cache), false)
 6 FCPATH\index.php(67): CodeIgniter\CodeIgniter->run()
 7 SYSTEMPATH\Commands\Server\rewrite.php(46): require_once('FCPATH\\index.php')
CRITICAL - 2022-12-11 19:32:28 --> Too few arguments to function CodeIgniter\Database\BaseBuilder::join(), 0 passed in E:\xampp\htdocs\app pajak\pajak\system\Model.php on line 772 and at least 2 expected
in SYSTEMPATH\Database\BaseBuilder.php on line 593.
 1 SYSTEMPATH\Model.php(772): CodeIgniter\Database\BaseBuilder->join()
 2 APPPATH\Controllers\Detail.php(18): CodeIgniter\Model->__call('join', [])
 3 SYSTEMPATH\CodeIgniter.php(927): App\Controllers\Detail->index('ad1111cp')
 4 SYSTEMPATH\CodeIgniter.php(482): CodeIgniter\CodeIgniter->runController(Object(App\Controllers\Detail))
 5 SYSTEMPATH\CodeIgniter.php(351): CodeIgniter\CodeIgniter->handleRequest(null, Object(Config\Cache), false)
 6 FCPATH\index.php(67): CodeIgniter\CodeIgniter->run()
 7 SYSTEMPATH\Commands\Server\rewrite.php(46): require_once('FCPATH\\index.php')
CRITICAL - 2022-12-11 19:33:26 --> Too few arguments to function CodeIgniter\Database\BaseBuilder::join(), 0 passed in E:\xampp\htdocs\app pajak\pajak\system\Model.php on line 772 and at least 2 expected
in SYSTEMPATH\Database\BaseBuilder.php on line 593.
 1 SYSTEMPATH\Model.php(772): CodeIgniter\Database\BaseBuilder->join()
 2 APPPATH\Controllers\Detail.php(18): CodeIgniter\Model->__call('join', [])
 3 SYSTEMPATH\CodeIgniter.php(927): App\Controllers\Detail->index('ad1111cp')
 4 SYSTEMPATH\CodeIgniter.php(482): CodeIgniter\CodeIgniter->runController(Object(App\Controllers\Detail))
 5 SYSTEMPATH\CodeIgniter.php(351): CodeIgniter\CodeIgniter->handleRequest(null, Object(Config\Cache), false)
 6 FCPATH\index.php(67): CodeIgniter\CodeIgniter->run()
 7 SYSTEMPATH\Commands\Server\rewrite.php(46): require_once('FCPATH\\index.php')
CRITICAL - 2022-12-11 19:33:27 --> Too few arguments to function CodeIgniter\Database\BaseBuilder::join(), 0 passed in E:\xampp\htdocs\app pajak\pajak\system\Model.php on line 772 and at least 2 expected
in SYSTEMPATH\Database\BaseBuilder.php on line 593.
 1 SYSTEMPATH\Model.php(772): CodeIgniter\Database\BaseBuilder->join()
 2 APPPATH\Controllers\Detail.php(18): CodeIgniter\Model->__call('join', [])
 3 SYSTEMPATH\CodeIgniter.php(927): App\Controllers\Detail->index('ad1111cp')
 4 SYSTEMPATH\CodeIgniter.php(482): CodeIgniter\CodeIgniter->runController(Object(App\Controllers\Detail))
 5 SYSTEMPATH\CodeIgniter.php(351): CodeIgniter\CodeIgniter->handleRequest(null, Object(Config\Cache), false)
 6 FCPATH\index.php(67): CodeIgniter\CodeIgniter->run()
 7 SYSTEMPATH\Commands\Server\rewrite.php(46): require_once('FCPATH\\index.php')
