CRITICAL - 2022-12-06 20:08:22 --> Constant expression contains invalid operations
in APPPATH\Models\PagesModel.php on line 12.
 1 [internal function]: CodeIgniter\Debug\Exceptions->shutdownHandler()
CRITICAL - 2022-12-06 20:09:04 --> Undefined variable $k
in APPPATH\Views\home.php on line 84.
 1 APPPATH\Views\home.php(84): CodeIgniter\Debug\Exceptions->errorHandler(2, 'Undefined variable $k', 'APPPATH\\Views\\home.php', 84)
 2 SYSTEMPATH\View\View.php(213): include('APPPATH\\Views\\home.php')
 3 SYSTEMPATH\View\View.php(216): CodeIgniter\View\View->CodeIgniter\View\{closure}()
 4 SYSTEMPATH\Common.php(1134): CodeIgniter\View\View->render('home', [], true)
 5 APPPATH\Controllers\Pages.php(22): view('home', [...])
 6 SYSTEMPATH\CodeIgniter.php(927): App\Controllers\Pages->index()
 7 SYSTEMPATH\CodeIgniter.php(482): CodeIgniter\CodeIgniter->runController(Object(App\Controllers\Pages))
 8 SYSTEMPATH\CodeIgniter.php(351): CodeIgniter\CodeIgniter->handleRequest(null, Object(Config\Cache), false)
 9 FCPATH\index.php(67): CodeIgniter\CodeIgniter->run()
10 SYSTEMPATH\Commands\Server\rewrite.php(46): require_once('FCPATH\\index.php')
CRITICAL - 2022-12-06 20:09:42 --> Undefined array key "tahun_pembuatan"
in APPPATH\Views\home.php on line 104.
 1 APPPATH\Views\home.php(104): CodeIgniter\Debug\Exceptions->errorHandler(2, 'Undefined array key "tahun_pembuatan"', 'APPPATH\\Views\\home.php', 104)
 2 SYSTEMPATH\View\View.php(213): include('APPPATH\\Views\\home.php')
 3 SYSTEMPATH\View\View.php(216): CodeIgniter\View\View->CodeIgniter\View\{closure}()
 4 SYSTEMPATH\Common.php(1134): CodeIgniter\View\View->render('home', [], true)
 5 APPPATH\Controllers\Pages.php(22): view('home', [...])
 6 SYSTEMPATH\CodeIgniter.php(927): App\Controllers\Pages->index()
 7 SYSTEMPATH\CodeIgniter.php(482): CodeIgniter\CodeIgniter->runController(Object(App\Controllers\Pages))
 8 SYSTEMPATH\CodeIgniter.php(351): CodeIgniter\CodeIgniter->handleRequest(null, Object(Config\Cache), false)
 9 FCPATH\index.php(67): CodeIgniter\CodeIgniter->run()
10 SYSTEMPATH\Commands\Server\rewrite.php(46): require_once('FCPATH\\index.php')
CRITICAL - 2022-12-06 20:51:21 --> Unsupported operand types: string + int
in APPPATH\Views\home.php on line 146.
 1 SYSTEMPATH\View\View.php(213): include()
 2 SYSTEMPATH\View\View.php(216): CodeIgniter\View\View->CodeIgniter\View\{closure}()
 3 SYSTEMPATH\Common.php(1134): CodeIgniter\View\View->render('home', [], true)
 4 APPPATH\Controllers\Pages.php(22): view('home', [...])
 5 SYSTEMPATH\CodeIgniter.php(927): App\Controllers\Pages->index()
 6 SYSTEMPATH\CodeIgniter.php(482): CodeIgniter\CodeIgniter->runController(Object(App\Controllers\Pages))
 7 SYSTEMPATH\CodeIgniter.php(351): CodeIgniter\CodeIgniter->handleRequest(null, Object(Config\Cache), false)
 8 FCPATH\index.php(67): CodeIgniter\CodeIgniter->run()
 9 SYSTEMPATH\Commands\Server\rewrite.php(46): require_once('FCPATH\\index.php')
CRITICAL - 2022-12-06 20:52:03 --> Unsupported operand types: string + int
in APPPATH\Views\home.php on line 146.
 1 SYSTEMPATH\View\View.php(213): include()
 2 SYSTEMPATH\View\View.php(216): CodeIgniter\View\View->CodeIgniter\View\{closure}()
 3 SYSTEMPATH\Common.php(1134): CodeIgniter\View\View->render('home', [], true)
 4 APPPATH\Controllers\Pages.php(22): view('home', [...])
 5 SYSTEMPATH\CodeIgniter.php(927): App\Controllers\Pages->index()
 6 SYSTEMPATH\CodeIgniter.php(482): CodeIgniter\CodeIgniter->runController(Object(App\Controllers\Pages))
 7 SYSTEMPATH\CodeIgniter.php(351): CodeIgniter\CodeIgniter->handleRequest(null, Object(Config\Cache), false)
 8 FCPATH\index.php(67): CodeIgniter\CodeIgniter->run()
 9 SYSTEMPATH\Commands\Server\rewrite.php(46): require_once('FCPATH\\index.php')
CRITICAL - 2022-12-06 20:52:05 --> Unsupported operand types: string + int
in APPPATH\Views\home.php on line 146.
 1 SYSTEMPATH\View\View.php(213): include()
 2 SYSTEMPATH\View\View.php(216): CodeIgniter\View\View->CodeIgniter\View\{closure}()
 3 SYSTEMPATH\Common.php(1134): CodeIgniter\View\View->render('home', [], true)
 4 APPPATH\Controllers\Pages.php(22): view('home', [...])
 5 SYSTEMPATH\CodeIgniter.php(927): App\Controllers\Pages->index()
 6 SYSTEMPATH\CodeIgniter.php(482): CodeIgniter\CodeIgniter->runController(Object(App\Controllers\Pages))
 7 SYSTEMPATH\CodeIgniter.php(351): CodeIgniter\CodeIgniter->handleRequest(null, Object(Config\Cache), false)
 8 FCPATH\index.php(67): CodeIgniter\CodeIgniter->run()
 9 SYSTEMPATH\Commands\Server\rewrite.php(46): require_once('FCPATH\\index.php')
CRITICAL - 2022-12-06 23:43:17 --> A non-numeric value encountered
in APPPATH\Views\home.php on line 155.
 1 APPPATH\Views\home.php(155): CodeIgniter\Debug\Exceptions->errorHandler(2, 'A non-numeric value encountered', 'APPPATH\\Views\\home.php', 155)
 2 SYSTEMPATH\View\View.php(213): include('APPPATH\\Views\\home.php')
 3 SYSTEMPATH\View\View.php(216): CodeIgniter\View\View->CodeIgniter\View\{closure}()
 4 SYSTEMPATH\Common.php(1134): CodeIgniter\View\View->render('home', [], true)
 5 APPPATH\Controllers\Pages.php(22): view('home', [...])
 6 SYSTEMPATH\CodeIgniter.php(927): App\Controllers\Pages->index()
 7 SYSTEMPATH\CodeIgniter.php(482): CodeIgniter\CodeIgniter->runController(Object(App\Controllers\Pages))
 8 SYSTEMPATH\CodeIgniter.php(351): CodeIgniter\CodeIgniter->handleRequest(null, Object(Config\Cache), false)
 9 FCPATH\index.php(67): CodeIgniter\CodeIgniter->run()
10 SYSTEMPATH\Commands\Server\rewrite.php(46): require_once('FCPATH\\index.php')
