CRITICAL - 2022-12-07 00:09:06 --> Allowed fields must be specified for model: App\Models\PagesModel
in SYSTEMPATH\BaseModel.php on line 1160.
 1 SYSTEMPATH\BaseModel.php(1160): CodeIgniter\Database\Exceptions\DataException::forInvalidAllowedFields('App\\Models\\PagesModel')
 2 SYSTEMPATH\BaseModel.php(724): CodeIgniter\BaseModel->doProtectFields([...])
 3 SYSTEMPATH\Model.php(667): CodeIgniter\BaseModel->insert([...], false)
 4 SYSTEMPATH\BaseModel.php(659): CodeIgniter\Model->insert([...], false)
 5 APPPATH\Controllers\Pages.php(45): CodeIgniter\BaseModel->save([...])
 6 SYSTEMPATH\CodeIgniter.php(927): App\Controllers\Pages->save()
 7 SYSTEMPATH\CodeIgniter.php(482): CodeIgniter\CodeIgniter->runController(Object(App\Controllers\Pages))
 8 SYSTEMPATH\CodeIgniter.php(351): CodeIgniter\CodeIgniter->handleRequest(null, Object(Config\Cache), false)
 9 FCPATH\index.php(67): CodeIgniter\CodeIgniter->run()
10 SYSTEMPATH\Commands\Server\rewrite.php(46): require_once('FCPATH\\index.php')
CRITICAL - 2022-12-07 00:10:43 --> Constant expression contains invalid operations
in APPPATH\Models\PagesModel.php on line 12.
 1 [internal function]: CodeIgniter\Debug\Exceptions->shutdownHandler()
CRITICAL - 2022-12-07 00:14:24 --> Constant expression contains invalid operations
in APPPATH\Models\PagesModel.php on line 12.
 1 [internal function]: CodeIgniter\Debug\Exceptions->shutdownHandler()
CRITICAL - 2022-12-07 00:16:57 --> Constant expression contains invalid operations
in APPPATH\Models\PagesModel.php on line 12.
 1 [internal function]: CodeIgniter\Debug\Exceptions->shutdownHandler()
ERROR - 2022-12-07 00:21:26 --> mysqli_sql_exception: Unknown column 'updated_at' in 'field list' in E:\xampp\htdocs\app pajak\pajak\system\Database\MySQLi\Connection.php:292
Stack trace:
#0 E:\xampp\htdocs\app pajak\pajak\system\Database\MySQLi\Connection.php(292): mysqli->query('INSERT INTO `st...', 0)
#1 E:\xampp\htdocs\app pajak\pajak\system\Database\BaseConnection.php(666): CodeIgniter\Database\MySQLi\Connection->execute('INSERT INTO `st...')
#2 E:\xampp\htdocs\app pajak\pajak\system\Database\BaseConnection.php(593): CodeIgniter\Database\BaseConnection->simpleQuery('INSERT INTO `st...')
#3 E:\xampp\htdocs\app pajak\pajak\system\Database\BaseBuilder.php(1916): CodeIgniter\Database\BaseConnection->query('INSERT INTO `st...', Array, false)
#4 E:\xampp\htdocs\app pajak\pajak\system\Model.php(279): CodeIgniter\Database\BaseBuilder->insert()
#5 E:\xampp\htdocs\app pajak\pajak\system\BaseModel.php(749): CodeIgniter\Model->doInsert(Array)
#6 E:\xampp\htdocs\app pajak\pajak\system\Model.php(667): CodeIgniter\BaseModel->insert(Array, false)
#7 E:\xampp\htdocs\app pajak\pajak\system\BaseModel.php(659): CodeIgniter\Model->insert(Array, false)
#8 E:\xampp\htdocs\app pajak\pajak\app\Controllers\Pages.php(45): CodeIgniter\BaseModel->save(Array)
#9 E:\xampp\htdocs\app pajak\pajak\system\CodeIgniter.php(927): App\Controllers\Pages->save()
#10 E:\xampp\htdocs\app pajak\pajak\system\CodeIgniter.php(482): CodeIgniter\CodeIgniter->runController(Object(App\Controllers\Pages))
#11 E:\xampp\htdocs\app pajak\pajak\system\CodeIgniter.php(351): CodeIgniter\CodeIgniter->handleRequest(NULL, Object(Config\Cache), false)
#12 E:\xampp\htdocs\app pajak\pajak\public\index.php(67): CodeIgniter\CodeIgniter->run()
#13 E:\xampp\htdocs\app pajak\pajak\system\Commands\Server\rewrite.php(46): require_once('E:\\xampp\\htdocs...')
#14 {main}
CRITICAL - 2022-12-07 00:21:26 --> Unknown column 'updated_at' in 'field list'
in SYSTEMPATH\Database\MySQLi\Connection.php on line 292.
 1 SYSTEMPATH\Database\MySQLi\Connection.php(292): mysqli->query('INSERT INTO `stnk` (`merek`, `type`, `jenis`, `bahan_bakar`, `warna_tnkb`, `th_pembuatan`, `isi_silinder`, `no_rangka`, `no_mesin`, `th_perakitan`, `berlaku_sampai`, `updated_at`) VALUES (\'honda\', \'r15\', \'sepeda_motor\', \'bensin\', \'hitam\', \'2020\', \'150\', \'ck0213ss90283930\', \'ss90283930\', \'2020\', \'2022-12-07 00:21:26\', \'2022-12-07 00:21:26\')', 0)
 2 SYSTEMPATH\Database\BaseConnection.php(666): CodeIgniter\Database\MySQLi\Connection->execute('INSERT INTO `stnk` (`merek`, `type`, `jenis`, `bahan_bakar`, `warna_tnkb`, `th_pembuatan`, `isi_silinder`, `no_rangka`, `no_mesin`, `th_perakitan`, `berlaku_sampai`, `updated_at`) VALUES (\'honda\', \'r15\', \'sepeda_motor\', \'bensin\', \'hitam\', \'2020\', \'150\', \'ck0213ss90283930\', \'ss90283930\', \'2020\', \'2022-12-07 00:21:26\', \'2022-12-07 00:21:26\')')
 3 SYSTEMPATH\Database\BaseConnection.php(593): CodeIgniter\Database\BaseConnection->simpleQuery('INSERT INTO `stnk` (`merek`, `type`, `jenis`, `bahan_bakar`, `warna_tnkb`, `th_pembuatan`, `isi_silinder`, `no_rangka`, `no_mesin`, `th_perakitan`, `berlaku_sampai`, `updated_at`) VALUES (\'honda\', \'r15\', \'sepeda_motor\', \'bensin\', \'hitam\', \'2020\', \'150\', \'ck0213ss90283930\', \'ss90283930\', \'2020\', \'2022-12-07 00:21:26\', \'2022-12-07 00:21:26\')')
 4 SYSTEMPATH\Database\BaseBuilder.php(1916): CodeIgniter\Database\BaseConnection->query('INSERT INTO `stnk` (`merek`, `type`, `jenis`, `bahan_bakar`, `warna_tnkb`, `th_pembuatan`, `isi_silinder`, `no_rangka`, `no_mesin`, `th_perakitan`, `berlaku_sampai`, `updated_at`) VALUES (:merek:, :type:, :jenis:, :bahan_bakar:, :warna_tnkb:, :th_pembuatan:, :isi_silinder:, :no_rangka:, :no_mesin:, :th_perakitan:, :berlaku_sampai:, :updated_at:)', [...], false)
 5 SYSTEMPATH\Model.php(279): CodeIgniter\Database\BaseBuilder->insert()
 6 SYSTEMPATH\BaseModel.php(749): CodeIgniter\Model->doInsert([...])
 7 SYSTEMPATH\Model.php(667): CodeIgniter\BaseModel->insert([...], false)
 8 SYSTEMPATH\BaseModel.php(659): CodeIgniter\Model->insert([...], false)
 9 APPPATH\Controllers\Pages.php(45): CodeIgniter\BaseModel->save([...])
10 SYSTEMPATH\CodeIgniter.php(927): App\Controllers\Pages->save()
11 SYSTEMPATH\CodeIgniter.php(482): CodeIgniter\CodeIgniter->runController(Object(App\Controllers\Pages))
12 SYSTEMPATH\CodeIgniter.php(351): CodeIgniter\CodeIgniter->handleRequest(null, Object(Config\Cache), false)
13 FCPATH\index.php(67): CodeIgniter\CodeIgniter->run()
14 SYSTEMPATH\Commands\Server\rewrite.php(46): require_once('FCPATH\\index.php')
