CRITICAL - 2022-12-09 12:41:01 --> Too few arguments to function CodeIgniter\Database\BaseBuilder::join(), 0 passed in E:\xampp\htdocs\app pajak\pajak\system\Model.php on line 772 and at least 2 expected
in SYSTEMPATH\Database\BaseBuilder.php on line 593.
 1 SYSTEMPATH\Model.php(772): CodeIgniter\Database\BaseBuilder->join()
 2 APPPATH\Controllers\Pages.php(25): CodeIgniter\Model->__call('join', [])
 3 SYSTEMPATH\CodeIgniter.php(927): App\Controllers\Pages->create()
 4 SYSTEMPATH\CodeIgniter.php(482): CodeIgniter\CodeIgniter->runController(Object(App\Controllers\Pages))
 5 SYSTEMPATH\CodeIgniter.php(351): CodeIgniter\CodeIgniter->handleRequest(null, Object(Config\Cache), false)
 6 FCPATH\index.php(67): CodeIgniter\CodeIgniter->run()
 7 SYSTEMPATH\Commands\Server\rewrite.php(46): require_once('FCPATH\\index.php')
CRITICAL - 2022-12-09 12:44:32 --> Undefined array key "alamat"
in APPPATH\Views\home.php on line 23.
 1 APPPATH\Views\home.php(23): CodeIgniter\Debug\Exceptions->errorHandler(2, 'Undefined array key "alamat"', 'APPPATH\\Views\\home.php', 23)
 2 SYSTEMPATH\View\View.php(213): include('APPPATH\\Views\\home.php')
 3 SYSTEMPATH\View\View.php(216): CodeIgniter\View\View->CodeIgniter\View\{closure}()
 4 SYSTEMPATH\Common.php(1134): CodeIgniter\View\View->render('home', [], true)
 5 APPPATH\Controllers\Pages.php(29): view('home', [...])
 6 SYSTEMPATH\CodeIgniter.php(927): App\Controllers\Pages->create()
 7 SYSTEMPATH\CodeIgniter.php(482): CodeIgniter\CodeIgniter->runController(Object(App\Controllers\Pages))
 8 SYSTEMPATH\CodeIgniter.php(351): CodeIgniter\CodeIgniter->handleRequest(null, Object(Config\Cache), false)
 9 FCPATH\index.php(67): CodeIgniter\CodeIgniter->run()
10 SYSTEMPATH\Commands\Server\rewrite.php(46): require_once('FCPATH\\index.php')
CRITICAL - 2022-12-09 13:34:26 --> Undefined array key "tahun"
in APPPATH\Controllers\Pages.php on line 17.
 1 APPPATH\Controllers\Pages.php(17): CodeIgniter\Debug\Exceptions->errorHandler(2, 'Undefined array key "tahun"', 'APPPATH\\Controllers\\Pages.php', 17)
 2 SYSTEMPATH\CodeIgniter.php(927): App\Controllers\Pages->index()
 3 SYSTEMPATH\CodeIgniter.php(482): CodeIgniter\CodeIgniter->runController(Object(App\Controllers\Pages))
 4 SYSTEMPATH\CodeIgniter.php(351): CodeIgniter\CodeIgniter->handleRequest(null, Object(Config\Cache), false)
 5 FCPATH\index.php(67): CodeIgniter\CodeIgniter->run()
 6 SYSTEMPATH\Commands\Server\rewrite.php(46): require_once('FCPATH\\index.php')
CRITICAL - 2022-12-09 13:34:49 --> Undefined array key "tahun"
in APPPATH\Controllers\Pages.php on line 17.
 1 APPPATH\Controllers\Pages.php(17): CodeIgniter\Debug\Exceptions->errorHandler(2, 'Undefined array key "tahun"', 'APPPATH\\Controllers\\Pages.php', 17)
 2 SYSTEMPATH\CodeIgniter.php(927): App\Controllers\Pages->index()
 3 SYSTEMPATH\CodeIgniter.php(482): CodeIgniter\CodeIgniter->runController(Object(App\Controllers\Pages))
 4 SYSTEMPATH\CodeIgniter.php(351): CodeIgniter\CodeIgniter->handleRequest(null, Object(Config\Cache), false)
 5 FCPATH\index.php(67): CodeIgniter\CodeIgniter->run()
 6 SYSTEMPATH\Commands\Server\rewrite.php(46): require_once('FCPATH\\index.php')
CRITICAL - 2022-12-09 13:36:12 --> Undefined array key "tahun"
in APPPATH\Controllers\Pages.php on line 17.
 1 APPPATH\Controllers\Pages.php(17): CodeIgniter\Debug\Exceptions->errorHandler(2, 'Undefined array key "tahun"', 'APPPATH\\Controllers\\Pages.php', 17)
 2 SYSTEMPATH\CodeIgniter.php(927): App\Controllers\Pages->index()
 3 SYSTEMPATH\CodeIgniter.php(482): CodeIgniter\CodeIgniter->runController(Object(App\Controllers\Pages))
 4 SYSTEMPATH\CodeIgniter.php(351): CodeIgniter\CodeIgniter->handleRequest(null, Object(Config\Cache), false)
 5 FCPATH\index.php(67): CodeIgniter\CodeIgniter->run()
 6 SYSTEMPATH\Commands\Server\rewrite.php(46): require_once('FCPATH\\index.php')
